Processing resnet18_FC-CL-64

2023-04-02 11:23:24.132524: I tensorflow/core/platform/cpu_feature_guard.cc:193] This TensorFlow binary is optimized with oneAPI Deep Neural Network Library (oneDNN) to use the following CPU instructions in performance-critical operations:  AVX2 FMA
To enable them in other operations, rebuild TensorFlow with the appropriate compiler flags.
2023-04-02 11:23:24.305785: E tensorflow/stream_executor/cuda/cuda_blas.cc:2981] Unable to register cuBLAS factory: Attempting to register factory for plugin cuBLAS when one has already been registered
2023-04-02 11:23:24.945530: W tensorflow/stream_executor/platform/default/dso_loader.cc:64] Could not load dynamic library 'libnvinfer_plugin.so.7'; dlerror: libnvinfer_plugin.so.7: cannot open shared object file: No such file or directory
2023-04-02 11:23:24.945568: W tensorflow/compiler/tf2tensorrt/utils/py_utils.cc:38] TF-TRT Warning: Cannot dlopen some TensorRT libraries. If you would like to use Nvidia GPU with TensorRT, please make sure the missing libraries mentioned above are installed properly.
2023-04-02 11:23:25.638622: I tensorflow/core/platform/cpu_feature_guard.cc:193] This TensorFlow binary is optimized with oneAPI Deep Neural Network Library (oneDNN) to use the following CPU instructions in performance-critical operations:  AVX2 FMA
To enable them in other operations, rebuild TensorFlow with the appropriate compiler flags.
2023-04-02 11:23:26.210593: I tensorflow/core/common_runtime/gpu/gpu_device.cc:1616] Created device /job:localhost/replica:0/task:0/device:GPU:0 with 30970 MB memory:  -> device: 1, name: Tesla V100S-PCIE-32GB, pci bus id: 0000:81:00.0, compute capability: 7.0
Loaded resnet18_FC-CL-64 model.
Epoch 1/30
2023-04-02 11:23:30.885479: I tensorflow/stream_executor/cuda/cuda_dnn.cc:384] Loaded cuDNN version 8101
2023-04-02 11:23:31.219358: I tensorflow/core/platform/default/subprocess.cc:304] Start cannot spawn child process: No such file or directory

Epoch 1: saving model to Models/resnet18_FC-CL-64/epoch_01.h5
968/968 - 91s - loss: 2.3797 - TPos: 4635.0000 - FNeg: 3109.0000 - TNeg: 2629.0000 - FPos: 5115.0000 - val_loss: 2.2604 - val_TPos: 174.0000 - val_FNeg: 306.0000 - val_TNeg: 114.0000 - val_FPos: 366.0000 - 91s/epoch - 94ms/step
Epoch 2/30

Epoch 2: saving model to Models/resnet18_FC-CL-64/epoch_02.h5
968/968 - 85s - loss: 2.2666 - TPos: 1586.0000 - FNeg: 6158.0000 - TNeg: 3374.0000 - FPos: 4370.0000 - val_loss: 2.1938 - val_TPos: 40.0000 - val_FNeg: 440.0000 - val_TNeg: 140.0000 - val_FPos: 340.0000 - 85s/epoch - 88ms/step
Epoch 3/30

Epoch 3: saving model to Models/resnet18_FC-CL-64/epoch_03.h5
968/968 - 86s - loss: 2.2075 - TPos: 1018.0000 - FNeg: 6726.0000 - TNeg: 2712.0000 - FPos: 5032.0000 - val_loss: 2.2193 - val_TPos: 31.0000 - val_FNeg: 449.0000 - val_TNeg: 219.0000 - val_FPos: 261.0000 - 86s/epoch - 89ms/step
Epoch 4/30

Epoch 4: saving model to Models/resnet18_FC-CL-64/epoch_04.h5
968/968 - 86s - loss: 2.1560 - TPos: 793.0000 - FNeg: 6951.0000 - TNeg: 2187.0000 - FPos: 5557.0000 - val_loss: 2.1948 - val_TPos: 95.0000 - val_FNeg: 385.0000 - val_TNeg: 153.0000 - val_FPos: 327.0000 - 86s/epoch - 88ms/step
Epoch 5/30

Epoch 5: saving model to Models/resnet18_FC-CL-64/epoch_05.h5
968/968 - 85s - loss: 2.1068 - TPos: 593.0000 - FNeg: 7151.0000 - TNeg: 1663.0000 - FPos: 6081.0000 - val_loss: 2.2665 - val_TPos: 6.0000 - val_FNeg: 474.0000 - val_TNeg: 324.0000 - val_FPos: 156.0000 - 85s/epoch - 87ms/step
Epoch 6/30

Epoch 6: saving model to Models/resnet18_FC-CL-64/epoch_06.h5
968/968 - 85s - loss: 2.0630 - TPos: 444.0000 - FNeg: 7300.0000 - TNeg: 1233.0000 - FPos: 6511.0000 - val_loss: 2.4476 - val_TPos: 0.0000e+00 - val_FNeg: 480.0000 - val_TNeg: 480.0000 - val_FPos: 0.0000e+00 - 85s/epoch - 87ms/step
Epoch 7/30

Epoch 7: saving model to Models/resnet18_FC-CL-64/epoch_07.h5
968/968 - 85s - loss: 2.0258 - TPos: 398.0000 - FNeg: 7346.0000 - TNeg: 783.0000 - FPos: 6961.0000 - val_loss: 2.2012 - val_TPos: 10.0000 - val_FNeg: 470.0000 - val_TNeg: 278.0000 - val_FPos: 202.0000 - 85s/epoch - 88ms/step
Epoch 8/30

Epoch 8: saving model to Models/resnet18_FC-CL-64/epoch_08.h5
968/968 - 89s - loss: 1.9940 - TPos: 351.0000 - FNeg: 7393.0000 - TNeg: 534.0000 - FPos: 7210.0000 - val_loss: 2.3448 - val_TPos: 7.0000 - val_FNeg: 473.0000 - val_TNeg: 415.0000 - val_FPos: 65.0000 - 89s/epoch - 91ms/step
Epoch 9/30

Epoch 9: saving model to Models/resnet18_FC-CL-64/epoch_09.h5
968/968 - 88s - loss: 1.9677 - TPos: 310.0000 - FNeg: 7434.0000 - TNeg: 438.0000 - FPos: 7306.0000 - val_loss: 2.0602 - val_TPos: 35.0000 - val_FNeg: 445.0000 - val_TNeg: 156.0000 - val_FPos: 324.0000 - 88s/epoch - 90ms/step
Epoch 10/30

Epoch 10: saving model to Models/resnet18_FC-CL-64/epoch_10.h5
968/968 - 87s - loss: 1.9417 - TPos: 261.0000 - FNeg: 7483.0000 - TNeg: 333.0000 - FPos: 7411.0000 - val_loss: 2.0988 - val_TPos: 23.0000 - val_FNeg: 457.0000 - val_TNeg: 215.0000 - val_FPos: 265.0000 - 87s/epoch - 90ms/step
Epoch 11/30

Epoch 11: saving model to Models/resnet18_FC-CL-64/epoch_11.h5
968/968 - 88s - loss: 1.9161 - TPos: 191.0000 - FNeg: 7553.0000 - TNeg: 207.0000 - FPos: 7537.0000 - val_loss: 2.0030 - val_TPos: 30.0000 - val_FNeg: 450.0000 - val_TNeg: 117.0000 - val_FPos: 363.0000 - 88s/epoch - 91ms/step
Epoch 12/30

Epoch 12: saving model to Models/resnet18_FC-CL-64/epoch_12.h5
968/968 - 86s - loss: 1.8929 - TPos: 161.0000 - FNeg: 7583.0000 - TNeg: 145.0000 - FPos: 7599.0000 - val_loss: 2.2736 - val_TPos: 8.0000 - val_FNeg: 472.0000 - val_TNeg: 409.0000 - val_FPos: 71.0000 - 86s/epoch - 89ms/step
Epoch 13/30

Epoch 13: saving model to Models/resnet18_FC-CL-64/epoch_13.h5
968/968 - 85s - loss: 1.8701 - TPos: 117.0000 - FNeg: 7627.0000 - TNeg: 89.0000 - FPos: 7655.0000 - val_loss: 1.9755 - val_TPos: 31.0000 - val_FNeg: 449.0000 - val_TNeg: 99.0000 - val_FPos: 381.0000 - 85s/epoch - 88ms/step
Epoch 14/30

Epoch 14: saving model to Models/resnet18_FC-CL-64/epoch_14.h5
968/968 - 84s - loss: 1.8501 - TPos: 96.0000 - FNeg: 7648.0000 - TNeg: 66.0000 - FPos: 7678.0000 - val_loss: 1.9516 - val_TPos: 38.0000 - val_FNeg: 442.0000 - val_TNeg: 94.0000 - val_FPos: 386.0000 - 84s/epoch - 87ms/step
Epoch 15/30

Epoch 15: saving model to Models/resnet18_FC-CL-64/epoch_15.h5
968/968 - 84s - loss: 1.8301 - TPos: 82.0000 - FNeg: 7662.0000 - TNeg: 48.0000 - FPos: 7696.0000 - val_loss: 1.9451 - val_TPos: 40.0000 - val_FNeg: 440.0000 - val_TNeg: 97.0000 - val_FPos: 383.0000 - 84s/epoch - 87ms/step
Epoch 16/30

Epoch 16: saving model to Models/resnet18_FC-CL-64/epoch_16.h5
968/968 - 84s - loss: 1.8126 - TPos: 80.0000 - FNeg: 7664.0000 - TNeg: 45.0000 - FPos: 7699.0000 - val_loss: 1.9235 - val_TPos: 54.0000 - val_FNeg: 426.0000 - val_TNeg: 87.0000 - val_FPos: 393.0000 - 84s/epoch - 86ms/step
Epoch 17/30

Epoch 17: saving model to Models/resnet18_FC-CL-64/epoch_17.h5
968/968 - 87s - loss: 1.7934 - TPos: 58.0000 - FNeg: 7686.0000 - TNeg: 24.0000 - FPos: 7720.0000 - val_loss: 1.9043 - val_TPos: 28.0000 - val_FNeg: 452.0000 - val_TNeg: 110.0000 - val_FPos: 370.0000 - 87s/epoch - 89ms/step
Epoch 18/30

Epoch 18: saving model to Models/resnet18_FC-CL-64/epoch_18.h5
968/968 - 87s - loss: 1.7760 - TPos: 63.0000 - FNeg: 7681.0000 - TNeg: 21.0000 - FPos: 7723.0000 - val_loss: 1.8872 - val_TPos: 31.0000 - val_FNeg: 449.0000 - val_TNeg: 100.0000 - val_FPos: 380.0000 - 87s/epoch - 90ms/step
Epoch 19/30

Epoch 19: saving model to Models/resnet18_FC-CL-64/epoch_19.h5
968/968 - 84s - loss: 1.7591 - TPos: 60.0000 - FNeg: 7684.0000 - TNeg: 22.0000 - FPos: 7722.0000 - val_loss: 1.8734 - val_TPos: 35.0000 - val_FNeg: 445.0000 - val_TNeg: 100.0000 - val_FPos: 380.0000 - 84s/epoch - 87ms/step
Epoch 20/30

Epoch 20: saving model to Models/resnet18_FC-CL-64/epoch_20.h5
968/968 - 87s - loss: 1.7408 - TPos: 44.0000 - FNeg: 7700.0000 - TNeg: 10.0000 - FPos: 7734.0000 - val_loss: 1.8632 - val_TPos: 37.0000 - val_FNeg: 443.0000 - val_TNeg: 105.0000 - val_FPos: 375.0000 - 87s/epoch - 90ms/step
Epoch 21/30

Epoch 21: saving model to Models/resnet18_FC-CL-64/epoch_21.h5
968/968 - 84s - loss: 1.7232 - TPos: 39.0000 - FNeg: 7705.0000 - TNeg: 3.0000 - FPos: 7741.0000 - val_loss: 1.8313 - val_TPos: 46.0000 - val_FNeg: 434.0000 - val_TNeg: 85.0000 - val_FPos: 395.0000 - 84s/epoch - 87ms/step
Epoch 22/30

Epoch 22: saving model to Models/resnet18_FC-CL-64/epoch_22.h5
968/968 - 84s - loss: 1.7075 - TPos: 46.0000 - FNeg: 7698.0000 - TNeg: 10.0000 - FPos: 7734.0000 - val_loss: 1.8261 - val_TPos: 43.0000 - val_FNeg: 437.0000 - val_TNeg: 95.0000 - val_FPos: 385.0000 - 84s/epoch - 86ms/step
Epoch 23/30

Epoch 23: saving model to Models/resnet18_FC-CL-64/epoch_23.h5
968/968 - 84s - loss: 1.6912 - TPos: 43.0000 - FNeg: 7701.0000 - TNeg: 10.0000 - FPos: 7734.0000 - val_loss: 1.8097 - val_TPos: 44.0000 - val_FNeg: 436.0000 - val_TNeg: 98.0000 - val_FPos: 382.0000 - 84s/epoch - 87ms/step
Epoch 24/30

Epoch 24: saving model to Models/resnet18_FC-CL-64/epoch_24.h5
968/968 - 87s - loss: 1.6741 - TPos: 37.0000 - FNeg: 7707.0000 - TNeg: 1.0000 - FPos: 7743.0000 - val_loss: 1.7959 - val_TPos: 36.0000 - val_FNeg: 444.0000 - val_TNeg: 102.0000 - val_FPos: 378.0000 - 87s/epoch - 90ms/step
Epoch 25/30

Epoch 25: saving model to Models/resnet18_FC-CL-64/epoch_25.h5
968/968 - 83s - loss: 1.6578 - TPos: 36.0000 - FNeg: 7708.0000 - TNeg: 0.0000e+00 - FPos: 7744.0000 - val_loss: 1.7802 - val_TPos: 39.0000 - val_FNeg: 441.0000 - val_TNeg: 102.0000 - val_FPos: 378.0000 - 83s/epoch - 86ms/step
Epoch 26/30

Epoch 26: saving model to Models/resnet18_FC-CL-64/epoch_26.h5
968/968 - 86s - loss: 1.6419 - TPos: 36.0000 - FNeg: 7708.0000 - TNeg: 0.0000e+00 - FPos: 7744.0000 - val_loss: 1.7640 - val_TPos: 40.0000 - val_FNeg: 440.0000 - val_TNeg: 101.0000 - val_FPos: 379.0000 - 86s/epoch - 89ms/step
Epoch 27/30

Epoch 27: saving model to Models/resnet18_FC-CL-64/epoch_27.h5
968/968 - 83s - loss: 1.6262 - TPos: 36.0000 - FNeg: 7708.0000 - TNeg: 0.0000e+00 - FPos: 7744.0000 - val_loss: 1.7483 - val_TPos: 43.0000 - val_FNeg: 437.0000 - val_TNeg: 98.0000 - val_FPos: 382.0000 - 83s/epoch - 86ms/step
Epoch 28/30

Epoch 28: saving model to Models/resnet18_FC-CL-64/epoch_28.h5
968/968 - 85s - loss: 1.6107 - TPos: 36.0000 - FNeg: 7708.0000 - TNeg: 0.0000e+00 - FPos: 7744.0000 - val_loss: 1.7332 - val_TPos: 40.0000 - val_FNeg: 440.0000 - val_TNeg: 100.0000 - val_FPos: 380.0000 - 85s/epoch - 88ms/step
Epoch 29/30

Epoch 29: saving model to Models/resnet18_FC-CL-64/epoch_29.h5
968/968 - 86s - loss: 1.5954 - TPos: 37.0000 - FNeg: 7707.0000 - TNeg: 2.0000 - FPos: 7742.0000 - val_loss: 1.7188 - val_TPos: 38.0000 - val_FNeg: 442.0000 - val_TNeg: 102.0000 - val_FPos: 378.0000 - 86s/epoch - 89ms/step
Epoch 30/30

Epoch 30: saving model to Models/resnet18_FC-CL-64/epoch_30.h5
968/968 - 85s - loss: 1.5805 - TPos: 40.0000 - FNeg: 7704.0000 - TNeg: 2.0000 - FPos: 7742.0000 - val_loss: 1.7033 - val_TPos: 43.0000 - val_FNeg: 437.0000 - val_TNeg: 99.0000 - val_FPos: 381.0000 - 85s/epoch - 88ms/step

Done resnet18_FC-CL-64
