Processing VGG16_FC-CL

2023-04-27 22:23:01.947989: I tensorflow/core/platform/cpu_feature_guard.cc:193] This TensorFlow binary is optimized with oneAPI Deep Neural Network Library (oneDNN) to use the following CPU instructions in performance-critical operations:  AVX2 FMA
To enable them in other operations, rebuild TensorFlow with the appropriate compiler flags.
2023-04-27 22:23:02.084297: E tensorflow/stream_executor/cuda/cuda_blas.cc:2981] Unable to register cuBLAS factory: Attempting to register factory for plugin cuBLAS when one has already been registered
2023-04-27 22:23:02.724156: W tensorflow/stream_executor/platform/default/dso_loader.cc:64] Could not load dynamic library 'libnvinfer_plugin.so.7'; dlerror: libnvinfer_plugin.so.7: cannot open shared object file: No such file or directory
2023-04-27 22:23:02.724199: W tensorflow/compiler/tf2tensorrt/utils/py_utils.cc:38] TF-TRT Warning: Cannot dlopen some TensorRT libraries. If you would like to use Nvidia GPU with TensorRT, please make sure the missing libraries mentioned above are installed properly.
2023-04-27 22:23:03.548553: I tensorflow/core/platform/cpu_feature_guard.cc:193] This TensorFlow binary is optimized with oneAPI Deep Neural Network Library (oneDNN) to use the following CPU instructions in performance-critical operations:  AVX2 FMA
To enable them in other operations, rebuild TensorFlow with the appropriate compiler flags.
2023-04-27 22:23:04.122462: I tensorflow/core/common_runtime/gpu/gpu_device.cc:1616] Created device /job:localhost/replica:0/task:0/device:GPU:0 with 30970 MB memory:  -> device: 1, name: Tesla V100S-PCIE-32GB, pci bus id: 0000:81:00.0, compute capability: 7.0
Loaded VGG16_FC-CL model.
Epoch 1/30
2023-04-27 22:23:07.389705: I tensorflow/stream_executor/cuda/cuda_dnn.cc:384] Loaded cuDNN version 8101
2023-04-27 22:23:07.713946: I tensorflow/core/platform/default/subprocess.cc:304] Start cannot spawn child process: No such file or directory

Epoch 1: saving model to Models/VGG16_FC-CL/epoch_01.h5
968/968 - 1430s - loss: 0.6493 - TPos: 4267.0000 - FNeg: 3477.0000 - TNeg: 3386.0000 - FPos: 4358.0000 - val_loss: 0.6489 - val_TPos: 129.0000 - val_FNeg: 351.0000 - val_TNeg: 387.0000 - val_FPos: 93.0000 - 1430s/epoch - 1s/step
Epoch 2/30

Epoch 2: saving model to Models/VGG16_FC-CL/epoch_02.h5
968/968 - 1405s - loss: 0.6488 - TPos: 5115.0000 - FNeg: 2629.0000 - TNeg: 2488.0000 - FPos: 5256.0000 - val_loss: 0.6473 - val_TPos: 223.0000 - val_FNeg: 257.0000 - val_TNeg: 272.0000 - val_FPos: 208.0000 - 1405s/epoch - 1s/step
Epoch 3/30

Epoch 3: saving model to Models/VGG16_FC-CL/epoch_03.h5
968/968 - 1405s - loss: 0.6465 - TPos: 3713.0000 - FNeg: 4031.0000 - TNeg: 3506.0000 - FPos: 4238.0000 - val_loss: 0.6314 - val_TPos: 59.0000 - val_FNeg: 421.0000 - val_TNeg: 276.0000 - val_FPos: 204.0000 - 1405s/epoch - 1s/step
Epoch 4/30

Epoch 4: saving model to Models/VGG16_FC-CL/epoch_04.h5
968/968 - 1406s - loss: 0.6172 - TPos: 2159.0000 - FNeg: 5585.0000 - TNeg: 3302.0000 - FPos: 4442.0000 - val_loss: 0.5406 - val_TPos: 51.0000 - val_FNeg: 429.0000 - val_TNeg: 117.0000 - val_FPos: 363.0000 - 1406s/epoch - 1s/step
Epoch 5/30

Epoch 5: saving model to Models/VGG16_FC-CL/epoch_05.h5
968/968 - 1406s - loss: 0.5836 - TPos: 1465.0000 - FNeg: 6279.0000 - TNeg: 2872.0000 - FPos: 4872.0000 - val_loss: 0.5265 - val_TPos: 37.0000 - val_FNeg: 443.0000 - val_TNeg: 119.0000 - val_FPos: 361.0000 - 1406s/epoch - 1s/step
Epoch 6/30

Epoch 6: saving model to Models/VGG16_FC-CL/epoch_06.h5
968/968 - 1407s - loss: 0.5646 - TPos: 1193.0000 - FNeg: 6551.0000 - TNeg: 2522.0000 - FPos: 5222.0000 - val_loss: 0.5103 - val_TPos: 29.0000 - val_FNeg: 451.0000 - val_TNeg: 101.0000 - val_FPos: 379.0000 - 1407s/epoch - 1s/step
Epoch 7/30

Epoch 7: saving model to Models/VGG16_FC-CL/epoch_07.h5
968/968 - 1406s - loss: 0.5492 - TPos: 1142.0000 - FNeg: 6602.0000 - TNeg: 2155.0000 - FPos: 5589.0000 - val_loss: 0.5061 - val_TPos: 29.0000 - val_FNeg: 451.0000 - val_TNeg: 100.0000 - val_FPos: 380.0000 - 1406s/epoch - 1s/step
Epoch 8/30

Epoch 8: saving model to Models/VGG16_FC-CL/epoch_08.h5
968/968 - 1408s - loss: 0.5381 - TPos: 1041.0000 - FNeg: 6703.0000 - TNeg: 1980.0000 - FPos: 5764.0000 - val_loss: 0.5056 - val_TPos: 24.0000 - val_FNeg: 456.0000 - val_TNeg: 106.0000 - val_FPos: 374.0000 - 1408s/epoch - 1s/step
Epoch 9/30

Epoch 9: saving model to Models/VGG16_FC-CL/epoch_09.h5
968/968 - 1408s - loss: 0.5269 - TPos: 962.0000 - FNeg: 6782.0000 - TNeg: 1812.0000 - FPos: 5932.0000 - val_loss: 0.5038 - val_TPos: 45.0000 - val_FNeg: 435.0000 - val_TNeg: 88.0000 - val_FPos: 392.0000 - 1408s/epoch - 1s/step
Epoch 10/30

Epoch 10: saving model to Models/VGG16_FC-CL/epoch_10.h5
968/968 - 1407s - loss: 0.5186 - TPos: 865.0000 - FNeg: 6879.0000 - TNeg: 1675.0000 - FPos: 6069.0000 - val_loss: 0.5036 - val_TPos: 35.0000 - val_FNeg: 445.0000 - val_TNeg: 101.0000 - val_FPos: 379.0000 - 1407s/epoch - 1s/step
Epoch 11/30

Epoch 11: saving model to Models/VGG16_FC-CL/epoch_11.h5
968/968 - 1407s - loss: 0.5090 - TPos: 807.0000 - FNeg: 6937.0000 - TNeg: 1501.0000 - FPos: 6243.0000 - val_loss: 0.5094 - val_TPos: 56.0000 - val_FNeg: 424.0000 - val_TNeg: 85.0000 - val_FPos: 395.0000 - 1407s/epoch - 1s/step
Epoch 12/30

Epoch 12: saving model to Models/VGG16_FC-CL/epoch_12.h5
968/968 - 1407s - loss: 0.4990 - TPos: 713.0000 - FNeg: 7031.0000 - TNeg: 1325.0000 - FPos: 6419.0000 - val_loss: 0.5102 - val_TPos: 33.0000 - val_FNeg: 447.0000 - val_TNeg: 105.0000 - val_FPos: 375.0000 - 1407s/epoch - 1s/step
Epoch 13/30

Epoch 13: saving model to Models/VGG16_FC-CL/epoch_13.h5
968/968 - 1407s - loss: 0.4887 - TPos: 653.0000 - FNeg: 7091.0000 - TNeg: 1217.0000 - FPos: 6527.0000 - val_loss: 0.5466 - val_TPos: 150.0000 - val_FNeg: 330.0000 - val_TNeg: 55.0000 - val_FPos: 425.0000 - 1407s/epoch - 1s/step
Epoch 14/30

Epoch 14: saving model to Models/VGG16_FC-CL/epoch_14.h5
968/968 - 1405s - loss: 0.4768 - TPos: 583.0000 - FNeg: 7161.0000 - TNeg: 1017.0000 - FPos: 6727.0000 - val_loss: 0.5009 - val_TPos: 67.0000 - val_FNeg: 413.0000 - val_TNeg: 63.0000 - val_FPos: 417.0000 - 1405s/epoch - 1s/step
Epoch 15/30

Epoch 15: saving model to Models/VGG16_FC-CL/epoch_15.h5
968/968 - 1405s - loss: 0.4660 - TPos: 506.0000 - FNeg: 7238.0000 - TNeg: 881.0000 - FPos: 6863.0000 - val_loss: 0.4947 - val_TPos: 51.0000 - val_FNeg: 429.0000 - val_TNeg: 71.0000 - val_FPos: 409.0000 - 1405s/epoch - 1s/step
Epoch 16/30

Epoch 16: saving model to Models/VGG16_FC-CL/epoch_16.h5
968/968 - 1405s - loss: 0.4553 - TPos: 428.0000 - FNeg: 7316.0000 - TNeg: 707.0000 - FPos: 7037.0000 - val_loss: 0.5016 - val_TPos: 54.0000 - val_FNeg: 426.0000 - val_TNeg: 72.0000 - val_FPos: 408.0000 - 1405s/epoch - 1s/step
Epoch 17/30

Epoch 17: saving model to Models/VGG16_FC-CL/epoch_17.h5
968/968 - 1404s - loss: 0.4453 - TPos: 382.0000 - FNeg: 7362.0000 - TNeg: 553.0000 - FPos: 7191.0000 - val_loss: 0.4939 - val_TPos: 36.0000 - val_FNeg: 444.0000 - val_TNeg: 79.0000 - val_FPos: 401.0000 - 1404s/epoch - 1s/step
Epoch 18/30

Epoch 18: saving model to Models/VGG16_FC-CL/epoch_18.h5
968/968 - 1405s - loss: 0.4377 - TPos: 322.0000 - FNeg: 7422.0000 - TNeg: 444.0000 - FPos: 7300.0000 - val_loss: 0.5055 - val_TPos: 56.0000 - val_FNeg: 424.0000 - val_TNeg: 71.0000 - val_FPos: 409.0000 - 1405s/epoch - 1s/step
Epoch 19/30

Epoch 19: saving model to Models/VGG16_FC-CL/epoch_19.h5
968/968 - 1404s - loss: 0.4318 - TPos: 275.0000 - FNeg: 7469.0000 - TNeg: 380.0000 - FPos: 7364.0000 - val_loss: 0.4970 - val_TPos: 36.0000 - val_FNeg: 444.0000 - val_TNeg: 75.0000 - val_FPos: 405.0000 - 1404s/epoch - 1s/step
Epoch 20/30

Epoch 20: saving model to Models/VGG16_FC-CL/epoch_20.h5
968/968 - 1403s - loss: 0.4244 - TPos: 232.0000 - FNeg: 7512.0000 - TNeg: 279.0000 - FPos: 7465.0000 - val_loss: 0.4920 - val_TPos: 41.0000 - val_FNeg: 439.0000 - val_TNeg: 70.0000 - val_FPos: 410.0000 - 1403s/epoch - 1s/step
Epoch 21/30

Epoch 21: saving model to Models/VGG16_FC-CL/epoch_21.h5
968/968 - 1403s - loss: 0.4212 - TPos: 212.0000 - FNeg: 7532.0000 - TNeg: 241.0000 - FPos: 7503.0000 - val_loss: 0.5046 - val_TPos: 25.0000 - val_FNeg: 455.0000 - val_TNeg: 93.0000 - val_FPos: 387.0000 - 1403s/epoch - 1s/step
Epoch 22/30

Epoch 22: saving model to Models/VGG16_FC-CL/epoch_22.h5
968/968 - 1403s - loss: 0.4171 - TPos: 189.0000 - FNeg: 7555.0000 - TNeg: 208.0000 - FPos: 7536.0000 - val_loss: 0.5086 - val_TPos: 29.0000 - val_FNeg: 451.0000 - val_TNeg: 98.0000 - val_FPos: 382.0000 - 1403s/epoch - 1s/step
Epoch 23/30

Epoch 23: saving model to Models/VGG16_FC-CL/epoch_23.h5
968/968 - 1401s - loss: 0.4144 - TPos: 154.0000 - FNeg: 7590.0000 - TNeg: 162.0000 - FPos: 7582.0000 - val_loss: 0.4955 - val_TPos: 33.0000 - val_FNeg: 447.0000 - val_TNeg: 77.0000 - val_FPos: 403.0000 - 1401s/epoch - 1s/step
Epoch 24/30

Epoch 24: saving model to Models/VGG16_FC-CL/epoch_24.h5
968/968 - 1402s - loss: 0.4125 - TPos: 146.0000 - FNeg: 7598.0000 - TNeg: 149.0000 - FPos: 7595.0000 - val_loss: 0.4966 - val_TPos: 35.0000 - val_FNeg: 445.0000 - val_TNeg: 74.0000 - val_FPos: 406.0000 - 1402s/epoch - 1s/step
Epoch 25/30

Epoch 25: saving model to Models/VGG16_FC-CL/epoch_25.h5
968/968 - 1401s - loss: 0.4118 - TPos: 142.0000 - FNeg: 7602.0000 - TNeg: 143.0000 - FPos: 7601.0000 - val_loss: 0.4904 - val_TPos: 38.0000 - val_FNeg: 442.0000 - val_TNeg: 64.0000 - val_FPos: 416.0000 - 1401s/epoch - 1s/step
Epoch 26/30

Epoch 26: saving model to Models/VGG16_FC-CL/epoch_26.h5
968/968 - 1401s - loss: 0.4083 - TPos: 128.0000 - FNeg: 7616.0000 - TNeg: 99.0000 - FPos: 7645.0000 - val_loss: 0.4986 - val_TPos: 38.0000 - val_FNeg: 442.0000 - val_TNeg: 75.0000 - val_FPos: 405.0000 - 1401s/epoch - 1s/step
Epoch 27/30

Epoch 27: saving model to Models/VGG16_FC-CL/epoch_27.h5
968/968 - 1402s - loss: 0.4072 - TPos: 114.0000 - FNeg: 7630.0000 - TNeg: 105.0000 - FPos: 7639.0000 - val_loss: 0.4956 - val_TPos: 47.0000 - val_FNeg: 433.0000 - val_TNeg: 64.0000 - val_FPos: 416.0000 - 1402s/epoch - 1s/step
Epoch 28/30

Epoch 28: saving model to Models/VGG16_FC-CL/epoch_28.h5
968/968 - 1402s - loss: 0.4048 - TPos: 92.0000 - FNeg: 7652.0000 - TNeg: 65.0000 - FPos: 7679.0000 - val_loss: 0.4926 - val_TPos: 35.0000 - val_FNeg: 445.0000 - val_TNeg: 66.0000 - val_FPos: 414.0000 - 1402s/epoch - 1s/step
Epoch 29/30

Epoch 29: saving model to Models/VGG16_FC-CL/epoch_29.h5
968/968 - 1401s - loss: 0.4047 - TPos: 92.0000 - FNeg: 7652.0000 - TNeg: 76.0000 - FPos: 7668.0000 - val_loss: 0.4956 - val_TPos: 56.0000 - val_FNeg: 424.0000 - val_TNeg: 52.0000 - val_FPos: 428.0000 - 1401s/epoch - 1s/step
Epoch 30/30

Epoch 30: saving model to Models/VGG16_FC-CL/epoch_30.h5
968/968 - 1401s - loss: 0.4045 - TPos: 107.0000 - FNeg: 7637.0000 - TNeg: 64.0000 - FPos: 7680.0000 - val_loss: 0.5010 - val_TPos: 23.0000 - val_FNeg: 457.0000 - val_TNeg: 88.0000 - val_FPos: 392.0000 - 1401s/epoch - 1s/step

Done VGG16_FC-CL
