Processing resnet50_FC-CL-64

2023-04-03 22:10:16.785501: I tensorflow/core/platform/cpu_feature_guard.cc:193] This TensorFlow binary is optimized with oneAPI Deep Neural Network Library (oneDNN) to use the following CPU instructions in performance-critical operations:  AVX2 FMA
To enable them in other operations, rebuild TensorFlow with the appropriate compiler flags.
2023-04-03 22:10:16.919964: E tensorflow/stream_executor/cuda/cuda_blas.cc:2981] Unable to register cuBLAS factory: Attempting to register factory for plugin cuBLAS when one has already been registered
2023-04-03 22:10:17.562021: W tensorflow/stream_executor/platform/default/dso_loader.cc:64] Could not load dynamic library 'libnvinfer_plugin.so.7'; dlerror: libnvinfer_plugin.so.7: cannot open shared object file: No such file or directory
2023-04-03 22:10:17.562068: W tensorflow/compiler/tf2tensorrt/utils/py_utils.cc:38] TF-TRT Warning: Cannot dlopen some TensorRT libraries. If you would like to use Nvidia GPU with TensorRT, please make sure the missing libraries mentioned above are installed properly.
2023-04-03 22:10:18.362765: I tensorflow/core/platform/cpu_feature_guard.cc:193] This TensorFlow binary is optimized with oneAPI Deep Neural Network Library (oneDNN) to use the following CPU instructions in performance-critical operations:  AVX2 FMA
To enable them in other operations, rebuild TensorFlow with the appropriate compiler flags.
2023-04-03 22:10:19.013907: I tensorflow/core/common_runtime/gpu/gpu_device.cc:1616] Created device /job:localhost/replica:0/task:0/device:GPU:0 with 30970 MB memory:  -> device: 1, name: Tesla V100S-PCIE-32GB, pci bus id: 0000:81:00.0, compute capability: 7.0
Loaded resnet50_FC-CL-64 model.
Epoch 1/30
2023-04-03 22:10:30.299369: I tensorflow/stream_executor/cuda/cuda_dnn.cc:384] Loaded cuDNN version 8101
2023-04-03 22:10:30.712794: I tensorflow/core/platform/default/subprocess.cc:304] Start cannot spawn child process: No such file or directory

Epoch 1: saving model to Models/resnet50_FC-CL-64/epoch_01.h5
968/968 - 144s - loss: 9.9706 - TPos: 7645.0000 - FNeg: 99.0000 - TNeg: 106.0000 - FPos: 7638.0000 - val_loss: 9.9621 - val_TPos: 480.0000 - val_FNeg: 0.0000e+00 - val_TNeg: 0.0000e+00 - val_FPos: 480.0000 - 144s/epoch - 148ms/step
Epoch 2/30

Epoch 2: saving model to Models/resnet50_FC-CL-64/epoch_02.h5
968/968 - 131s - loss: 9.6996 - TPos: 2623.0000 - FNeg: 5121.0000 - TNeg: 4050.0000 - FPos: 3694.0000 - val_loss: 9.6298 - val_TPos: 10.0000 - val_FNeg: 470.0000 - val_TNeg: 262.0000 - val_FPos: 218.0000 - 131s/epoch - 135ms/step
Epoch 3/30

Epoch 3: saving model to Models/resnet50_FC-CL-64/epoch_03.h5
968/968 - 131s - loss: 9.6355 - TPos: 1549.0000 - FNeg: 6195.0000 - TNeg: 3363.0000 - FPos: 4381.0000 - val_loss: 9.5842 - val_TPos: 6.0000 - val_FNeg: 474.0000 - val_TNeg: 215.0000 - val_FPos: 265.0000 - 131s/epoch - 135ms/step
Epoch 4/30

Epoch 4: saving model to Models/resnet50_FC-CL-64/epoch_04.h5
968/968 - 130s - loss: 9.5930 - TPos: 1316.0000 - FNeg: 6428.0000 - TNeg: 2747.0000 - FPos: 4997.0000 - val_loss: 9.5842 - val_TPos: 10.0000 - val_FNeg: 470.0000 - val_TNeg: 215.0000 - val_FPos: 265.0000 - 130s/epoch - 135ms/step
Epoch 5/30

Epoch 5: saving model to Models/resnet50_FC-CL-64/epoch_05.h5
968/968 - 131s - loss: 9.5532 - TPos: 1073.0000 - FNeg: 6671.0000 - TNeg: 2327.0000 - FPos: 5417.0000 - val_loss: 9.5349 - val_TPos: 9.0000 - val_FNeg: 471.0000 - val_TNeg: 177.0000 - val_FPos: 303.0000 - 131s/epoch - 135ms/step
Epoch 6/30

Epoch 6: saving model to Models/resnet50_FC-CL-64/epoch_06.h5
968/968 - 130s - loss: 9.5192 - TPos: 942.0000 - FNeg: 6802.0000 - TNeg: 2038.0000 - FPos: 5706.0000 - val_loss: 9.5038 - val_TPos: 21.0000 - val_FNeg: 459.0000 - val_TNeg: 148.0000 - val_FPos: 332.0000 - 130s/epoch - 134ms/step
Epoch 7/30

Epoch 7: saving model to Models/resnet50_FC-CL-64/epoch_07.h5
968/968 - 131s - loss: 9.4841 - TPos: 869.0000 - FNeg: 6875.0000 - TNeg: 1756.0000 - FPos: 5988.0000 - val_loss: 9.4889 - val_TPos: 15.0000 - val_FNeg: 465.0000 - val_TNeg: 154.0000 - val_FPos: 326.0000 - 131s/epoch - 135ms/step
Epoch 8/30

Epoch 8: saving model to Models/resnet50_FC-CL-64/epoch_08.h5
968/968 - 131s - loss: 9.4480 - TPos: 723.0000 - FNeg: 7021.0000 - TNeg: 1484.0000 - FPos: 6260.0000 - val_loss: 9.4473 - val_TPos: 34.0000 - val_FNeg: 446.0000 - val_TNeg: 102.0000 - val_FPos: 378.0000 - 131s/epoch - 135ms/step
Epoch 9/30

Epoch 9: saving model to Models/resnet50_FC-CL-64/epoch_09.h5
968/968 - 131s - loss: 9.4137 - TPos: 581.0000 - FNeg: 7163.0000 - TNeg: 1188.0000 - FPos: 6556.0000 - val_loss: 9.4414 - val_TPos: 11.0000 - val_FNeg: 469.0000 - val_TNeg: 140.0000 - val_FPos: 340.0000 - 131s/epoch - 136ms/step
Epoch 10/30

Epoch 10: saving model to Models/resnet50_FC-CL-64/epoch_10.h5
968/968 - 131s - loss: 9.3787 - TPos: 452.0000 - FNeg: 7292.0000 - TNeg: 915.0000 - FPos: 6829.0000 - val_loss: 9.4318 - val_TPos: 12.0000 - val_FNeg: 468.0000 - val_TNeg: 148.0000 - val_FPos: 332.0000 - 131s/epoch - 135ms/step
Epoch 11/30

Epoch 11: saving model to Models/resnet50_FC-CL-64/epoch_11.h5
968/968 - 131s - loss: 9.3474 - TPos: 379.0000 - FNeg: 7365.0000 - TNeg: 719.0000 - FPos: 7025.0000 - val_loss: 9.4212 - val_TPos: 15.0000 - val_FNeg: 465.0000 - val_TNeg: 146.0000 - val_FPos: 334.0000 - 131s/epoch - 135ms/step
Epoch 12/30

Epoch 12: saving model to Models/resnet50_FC-CL-64/epoch_12.h5
968/968 - 130s - loss: 9.3166 - TPos: 286.0000 - FNeg: 7458.0000 - TNeg: 522.0000 - FPos: 7222.0000 - val_loss: 9.3708 - val_TPos: 45.0000 - val_FNeg: 435.0000 - val_TNeg: 90.0000 - val_FPos: 390.0000 - 130s/epoch - 135ms/step
Epoch 13/30

Epoch 13: saving model to Models/resnet50_FC-CL-64/epoch_13.h5
968/968 - 131s - loss: 9.2893 - TPos: 235.0000 - FNeg: 7509.0000 - TNeg: 372.0000 - FPos: 7372.0000 - val_loss: 9.3544 - val_TPos: 40.0000 - val_FNeg: 440.0000 - val_TNeg: 96.0000 - val_FPos: 384.0000 - 131s/epoch - 135ms/step
Epoch 14/30

Epoch 14: saving model to Models/resnet50_FC-CL-64/epoch_14.h5
968/968 - 131s - loss: 9.2620 - TPos: 154.0000 - FNeg: 7590.0000 - TNeg: 247.0000 - FPos: 7497.0000 - val_loss: 9.3450 - val_TPos: 22.0000 - val_FNeg: 458.0000 - val_TNeg: 114.0000 - val_FPos: 366.0000 - 131s/epoch - 135ms/step
Epoch 15/30

Epoch 15: saving model to Models/resnet50_FC-CL-64/epoch_15.h5
968/968 - 130s - loss: 9.2368 - TPos: 108.0000 - FNeg: 7636.0000 - TNeg: 172.0000 - FPos: 7572.0000 - val_loss: 9.3136 - val_TPos: 44.0000 - val_FNeg: 436.0000 - val_TNeg: 81.0000 - val_FPos: 399.0000 - 130s/epoch - 135ms/step
Epoch 16/30

Epoch 16: saving model to Models/resnet50_FC-CL-64/epoch_16.h5
968/968 - 131s - loss: 9.2141 - TPos: 82.0000 - FNeg: 7662.0000 - TNeg: 92.0000 - FPos: 7652.0000 - val_loss: 9.3130 - val_TPos: 21.0000 - val_FNeg: 459.0000 - val_TNeg: 121.0000 - val_FPos: 359.0000 - 131s/epoch - 135ms/step
Epoch 17/30

Epoch 17: saving model to Models/resnet50_FC-CL-64/epoch_17.h5
968/968 - 131s - loss: 9.1922 - TPos: 54.0000 - FNeg: 7690.0000 - TNeg: 45.0000 - FPos: 7699.0000 - val_loss: 9.3059 - val_TPos: 26.0000 - val_FNeg: 454.0000 - val_TNeg: 124.0000 - val_FPos: 356.0000 - 131s/epoch - 136ms/step
Epoch 18/30

Epoch 18: saving model to Models/resnet50_FC-CL-64/epoch_18.h5
968/968 - 132s - loss: 9.1714 - TPos: 30.0000 - FNeg: 7714.0000 - TNeg: 20.0000 - FPos: 7724.0000 - val_loss: 9.2773 - val_TPos: 29.0000 - val_FNeg: 451.0000 - val_TNeg: 112.0000 - val_FPos: 368.0000 - 132s/epoch - 136ms/step
Epoch 19/30

Epoch 19: saving model to Models/resnet50_FC-CL-64/epoch_19.h5
968/968 - 131s - loss: 9.1516 - TPos: 19.0000 - FNeg: 7725.0000 - TNeg: 10.0000 - FPos: 7734.0000 - val_loss: 9.2576 - val_TPos: 24.0000 - val_FNeg: 456.0000 - val_TNeg: 111.0000 - val_FPos: 369.0000 - 131s/epoch - 135ms/step
Epoch 20/30

Epoch 20: saving model to Models/resnet50_FC-CL-64/epoch_20.h5
968/968 - 132s - loss: 9.1329 - TPos: 16.0000 - FNeg: 7728.0000 - TNeg: 7.0000 - FPos: 7737.0000 - val_loss: 9.2429 - val_TPos: 21.0000 - val_FNeg: 459.0000 - val_TNeg: 115.0000 - val_FPos: 365.0000 - 132s/epoch - 136ms/step
Epoch 21/30

Epoch 21: saving model to Models/resnet50_FC-CL-64/epoch_21.h5
968/968 - 131s - loss: 9.1149 - TPos: 14.0000 - FNeg: 7730.0000 - TNeg: 7.0000 - FPos: 7737.0000 - val_loss: 9.2262 - val_TPos: 18.0000 - val_FNeg: 462.0000 - val_TNeg: 118.0000 - val_FPos: 362.0000 - 131s/epoch - 136ms/step
Epoch 22/30

Epoch 22: saving model to Models/resnet50_FC-CL-64/epoch_22.h5
968/968 - 132s - loss: 9.0971 - TPos: 14.0000 - FNeg: 7730.0000 - TNeg: 6.0000 - FPos: 7738.0000 - val_loss: 9.2034 - val_TPos: 25.0000 - val_FNeg: 455.0000 - val_TNeg: 106.0000 - val_FPos: 374.0000 - 132s/epoch - 136ms/step
Epoch 23/30

Epoch 23: saving model to Models/resnet50_FC-CL-64/epoch_23.h5
968/968 - 132s - loss: 9.0792 - TPos: 12.0000 - FNeg: 7732.0000 - TNeg: 4.0000 - FPos: 7740.0000 - val_loss: 9.1869 - val_TPos: 21.0000 - val_FNeg: 459.0000 - val_TNeg: 108.0000 - val_FPos: 372.0000 - 132s/epoch - 136ms/step
Epoch 24/30

Epoch 24: saving model to Models/resnet50_FC-CL-64/epoch_24.h5
968/968 - 132s - loss: 9.0616 - TPos: 12.0000 - FNeg: 7732.0000 - TNeg: 4.0000 - FPos: 7740.0000 - val_loss: 9.1716 - val_TPos: 23.0000 - val_FNeg: 457.0000 - val_TNeg: 112.0000 - val_FPos: 368.0000 - 132s/epoch - 136ms/step
Epoch 25/30

Epoch 25: saving model to Models/resnet50_FC-CL-64/epoch_25.h5
968/968 - 131s - loss: 9.0441 - TPos: 12.0000 - FNeg: 7732.0000 - TNeg: 4.0000 - FPos: 7740.0000 - val_loss: 9.1540 - val_TPos: 22.0000 - val_FNeg: 458.0000 - val_TNeg: 110.0000 - val_FPos: 370.0000 - 131s/epoch - 136ms/step
Epoch 26/30

Epoch 26: saving model to Models/resnet50_FC-CL-64/epoch_26.h5
968/968 - 131s - loss: 9.0266 - TPos: 12.0000 - FNeg: 7732.0000 - TNeg: 4.0000 - FPos: 7740.0000 - val_loss: 9.1372 - val_TPos: 21.0000 - val_FNeg: 459.0000 - val_TNeg: 109.0000 - val_FPos: 371.0000 - 131s/epoch - 135ms/step
Epoch 27/30

Epoch 27: saving model to Models/resnet50_FC-CL-64/epoch_27.h5
968/968 - 131s - loss: 9.0091 - TPos: 12.0000 - FNeg: 7732.0000 - TNeg: 3.0000 - FPos: 7741.0000 - val_loss: 9.1171 - val_TPos: 22.0000 - val_FNeg: 458.0000 - val_TNeg: 110.0000 - val_FPos: 370.0000 - 131s/epoch - 136ms/step
Epoch 28/30

Epoch 28: saving model to Models/resnet50_FC-CL-64/epoch_28.h5
968/968 - 132s - loss: 8.9917 - TPos: 12.0000 - FNeg: 7732.0000 - TNeg: 3.0000 - FPos: 7741.0000 - val_loss: 9.0991 - val_TPos: 23.0000 - val_FNeg: 457.0000 - val_TNeg: 107.0000 - val_FPos: 373.0000 - 132s/epoch - 136ms/step
Epoch 29/30

Epoch 29: saving model to Models/resnet50_FC-CL-64/epoch_29.h5
968/968 - 130s - loss: 8.9743 - TPos: 12.0000 - FNeg: 7732.0000 - TNeg: 3.0000 - FPos: 7741.0000 - val_loss: 9.0828 - val_TPos: 23.0000 - val_FNeg: 457.0000 - val_TNeg: 110.0000 - val_FPos: 370.0000 - 130s/epoch - 134ms/step
Epoch 30/30

Epoch 30: saving model to Models/resnet50_FC-CL-64/epoch_30.h5
968/968 - 131s - loss: 8.9569 - TPos: 12.0000 - FNeg: 7732.0000 - TNeg: 3.0000 - FPos: 7741.0000 - val_loss: 9.0658 - val_TPos: 22.0000 - val_FNeg: 458.0000 - val_TNeg: 109.0000 - val_FPos: 371.0000 - 131s/epoch - 135ms/step

Done resnet50_FC-CL-64
