Processing resnet50_ED-CL

2023-03-31 20:00:05.877442: I tensorflow/core/platform/cpu_feature_guard.cc:193] This TensorFlow binary is optimized with oneAPI Deep Neural Network Library (oneDNN) to use the following CPU instructions in performance-critical operations:  AVX2 FMA
To enable them in other operations, rebuild TensorFlow with the appropriate compiler flags.
2023-03-31 20:00:06.020809: E tensorflow/stream_executor/cuda/cuda_blas.cc:2981] Unable to register cuBLAS factory: Attempting to register factory for plugin cuBLAS when one has already been registered
2023-03-31 20:00:06.693089: W tensorflow/stream_executor/platform/default/dso_loader.cc:64] Could not load dynamic library 'libnvinfer_plugin.so.7'; dlerror: libnvinfer_plugin.so.7: cannot open shared object file: No such file or directory
2023-03-31 20:00:06.693135: W tensorflow/compiler/tf2tensorrt/utils/py_utils.cc:38] TF-TRT Warning: Cannot dlopen some TensorRT libraries. If you would like to use Nvidia GPU with TensorRT, please make sure the missing libraries mentioned above are installed properly.
2023-03-31 20:00:07.528791: I tensorflow/core/platform/cpu_feature_guard.cc:193] This TensorFlow binary is optimized with oneAPI Deep Neural Network Library (oneDNN) to use the following CPU instructions in performance-critical operations:  AVX2 FMA
To enable them in other operations, rebuild TensorFlow with the appropriate compiler flags.
2023-03-31 20:00:08.106958: I tensorflow/core/common_runtime/gpu/gpu_device.cc:1616] Created device /job:localhost/replica:0/task:0/device:GPU:0 with 30970 MB memory:  -> device: 1, name: Tesla V100S-PCIE-32GB, pci bus id: 0000:81:00.0, compute capability: 7.0
Loaded resnet50_ED-CL model.
Epoch 1/30
2023-03-31 20:00:19.318609: I tensorflow/stream_executor/cuda/cuda_dnn.cc:384] Loaded cuDNN version 8101
2023-03-31 20:00:19.661354: I tensorflow/core/platform/default/subprocess.cc:304] Start cannot spawn child process: No such file or directory

Epoch 1: saving model to Models/resnet50_ED-CL/epoch_01.h5
968/968 - 223s - loss: 2.2692 - TPos: 7743.0000 - FNeg: 1.0000 - TNeg: 1.0000 - FPos: 7743.0000 - val_loss: 0.5653 - val_TPos: 360.0000 - val_FNeg: 120.0000 - val_TNeg: 0.0000e+00 - val_FPos: 480.0000 - 223s/epoch - 230ms/step
Epoch 2/30

Epoch 2: saving model to Models/resnet50_ED-CL/epoch_02.h5
968/968 - 211s - loss: 0.5033 - TPos: 7263.0000 - FNeg: 481.0000 - TNeg: 306.0000 - FPos: 7438.0000 - val_loss: 0.5261 - val_TPos: 360.0000 - val_FNeg: 120.0000 - val_TNeg: 0.0000e+00 - val_FPos: 480.0000 - 211s/epoch - 218ms/step
Epoch 3/30

Epoch 3: saving model to Models/resnet50_ED-CL/epoch_03.h5
968/968 - 209s - loss: 0.5189 - TPos: 6994.0000 - FNeg: 750.0000 - TNeg: 539.0000 - FPos: 7205.0000 - val_loss: 0.5003 - val_TPos: 360.0000 - val_FNeg: 120.0000 - val_TNeg: 0.0000e+00 - val_FPos: 480.0000 - 209s/epoch - 216ms/step
Epoch 4/30

Epoch 4: saving model to Models/resnet50_ED-CL/epoch_04.h5
968/968 - 208s - loss: 0.5801 - TPos: 7744.0000 - FNeg: 0.0000e+00 - TNeg: 0.0000e+00 - FPos: 7744.0000 - val_loss: 0.4923 - val_TPos: 360.0000 - val_FNeg: 120.0000 - val_TNeg: 0.0000e+00 - val_FPos: 480.0000 - 208s/epoch - 215ms/step
Epoch 5/30

Epoch 5: saving model to Models/resnet50_ED-CL/epoch_05.h5
968/968 - 211s - loss: 0.5080 - TPos: 6485.0000 - FNeg: 1259.0000 - TNeg: 1192.0000 - FPos: 6552.0000 - val_loss: 0.5116 - val_TPos: 360.0000 - val_FNeg: 120.0000 - val_TNeg: 0.0000e+00 - val_FPos: 480.0000 - 211s/epoch - 218ms/step
Epoch 6/30

Epoch 6: saving model to Models/resnet50_ED-CL/epoch_06.h5
968/968 - 211s - loss: 0.3972 - TPos: 6193.0000 - FNeg: 1551.0000 - TNeg: 172.0000 - FPos: 7572.0000 - val_loss: 0.2709 - val_TPos: 212.0000 - val_FNeg: 268.0000 - val_TNeg: 28.0000 - val_FPos: 452.0000 - 211s/epoch - 218ms/step
Epoch 7/30

Epoch 7: saving model to Models/resnet50_ED-CL/epoch_07.h5
968/968 - 210s - loss: 0.2666 - TPos: 4503.0000 - FNeg: 3241.0000 - TNeg: 265.0000 - FPos: 7479.0000 - val_loss: 0.2318 - val_TPos: 226.0000 - val_FNeg: 254.0000 - val_TNeg: 4.0000 - val_FPos: 476.0000 - 210s/epoch - 217ms/step
Epoch 8/30

Epoch 8: saving model to Models/resnet50_ED-CL/epoch_08.h5
968/968 - 212s - loss: 0.2453 - TPos: 3798.0000 - FNeg: 3946.0000 - TNeg: 343.0000 - FPos: 7401.0000 - val_loss: 0.2258 - val_TPos: 108.0000 - val_FNeg: 372.0000 - val_TNeg: 46.0000 - val_FPos: 434.0000 - 212s/epoch - 219ms/step
Epoch 9/30

Epoch 9: saving model to Models/resnet50_ED-CL/epoch_09.h5
968/968 - 211s - loss: 0.2389 - TPos: 3322.0000 - FNeg: 4422.0000 - TNeg: 420.0000 - FPos: 7324.0000 - val_loss: 0.2292 - val_TPos: 50.0000 - val_FNeg: 430.0000 - val_TNeg: 106.0000 - val_FPos: 374.0000 - 211s/epoch - 218ms/step
Epoch 10/30

Epoch 10: saving model to Models/resnet50_ED-CL/epoch_10.h5
968/968 - 212s - loss: 0.2190 - TPos: 2844.0000 - FNeg: 4900.0000 - TNeg: 471.0000 - FPos: 7273.0000 - val_loss: 0.2837 - val_TPos: 0.0000e+00 - val_FNeg: 480.0000 - val_TNeg: 468.0000 - val_FPos: 12.0000 - 212s/epoch - 219ms/step
Epoch 11/30

Epoch 11: saving model to Models/resnet50_ED-CL/epoch_11.h5
968/968 - 212s - loss: 0.2070 - TPos: 2459.0000 - FNeg: 5285.0000 - TNeg: 530.0000 - FPos: 7214.0000 - val_loss: 0.2748 - val_TPos: 52.0000 - val_FNeg: 428.0000 - val_TNeg: 397.0000 - val_FPos: 83.0000 - 212s/epoch - 219ms/step
Epoch 12/30

Epoch 12: saving model to Models/resnet50_ED-CL/epoch_12.h5
968/968 - 211s - loss: 0.1984 - TPos: 2186.0000 - FNeg: 5558.0000 - TNeg: 555.0000 - FPos: 7189.0000 - val_loss: 0.2303 - val_TPos: 6.0000 - val_FNeg: 474.0000 - val_TNeg: 223.0000 - val_FPos: 257.0000 - 211s/epoch - 218ms/step
Epoch 13/30

Epoch 13: saving model to Models/resnet50_ED-CL/epoch_13.h5
968/968 - 211s - loss: 0.2177 - TPos: 2203.0000 - FNeg: 5541.0000 - TNeg: 645.0000 - FPos: 7099.0000 - val_loss: 0.2748 - val_TPos: 8.0000 - val_FNeg: 472.0000 - val_TNeg: 374.0000 - val_FPos: 106.0000 - 211s/epoch - 218ms/step
Epoch 14/30

Epoch 14: saving model to Models/resnet50_ED-CL/epoch_14.h5
968/968 - 211s - loss: 0.1914 - TPos: 1846.0000 - FNeg: 5898.0000 - TNeg: 549.0000 - FPos: 7195.0000 - val_loss: 0.2789 - val_TPos: 18.0000 - val_FNeg: 462.0000 - val_TNeg: 425.0000 - val_FPos: 55.0000 - 211s/epoch - 218ms/step
Epoch 15/30

Epoch 15: saving model to Models/resnet50_ED-CL/epoch_15.h5
968/968 - 212s - loss: 0.1765 - TPos: 1570.0000 - FNeg: 6174.0000 - TNeg: 525.0000 - FPos: 7219.0000 - val_loss: 0.3033 - val_TPos: 8.0000 - val_FNeg: 472.0000 - val_TNeg: 466.0000 - val_FPos: 14.0000 - 212s/epoch - 219ms/step
Epoch 16/30

Epoch 16: saving model to Models/resnet50_ED-CL/epoch_16.h5
968/968 - 212s - loss: 0.1768 - TPos: 1432.0000 - FNeg: 6312.0000 - TNeg: 478.0000 - FPos: 7266.0000 - val_loss: 0.2941 - val_TPos: 0.0000e+00 - val_FNeg: 480.0000 - val_TNeg: 468.0000 - val_FPos: 12.0000 - 212s/epoch - 219ms/step
Epoch 17/30

Epoch 17: saving model to Models/resnet50_ED-CL/epoch_17.h5
968/968 - 211s - loss: 0.1805 - TPos: 1244.0000 - FNeg: 6500.0000 - TNeg: 474.0000 - FPos: 7270.0000 - val_loss: 0.3209 - val_TPos: 0.0000e+00 - val_FNeg: 480.0000 - val_TNeg: 480.0000 - val_FPos: 0.0000e+00 - 211s/epoch - 218ms/step
Epoch 18/30

Epoch 18: saving model to Models/resnet50_ED-CL/epoch_18.h5
968/968 - 212s - loss: 0.1609 - TPos: 1016.0000 - FNeg: 6728.0000 - TNeg: 389.0000 - FPos: 7355.0000 - val_loss: 0.1756 - val_TPos: 60.0000 - val_FNeg: 420.0000 - val_TNeg: 65.0000 - val_FPos: 415.0000 - 212s/epoch - 219ms/step
Epoch 19/30

Epoch 19: saving model to Models/resnet50_ED-CL/epoch_19.h5
968/968 - 212s - loss: 0.1600 - TPos: 806.0000 - FNeg: 6938.0000 - TNeg: 351.0000 - FPos: 7393.0000 - val_loss: 0.2067 - val_TPos: 32.0000 - val_FNeg: 448.0000 - val_TNeg: 159.0000 - val_FPos: 321.0000 - 212s/epoch - 219ms/step
Epoch 20/30

Epoch 20: saving model to Models/resnet50_ED-CL/epoch_20.h5
968/968 - 211s - loss: 0.1483 - TPos: 633.0000 - FNeg: 7111.0000 - TNeg: 294.0000 - FPos: 7450.0000 - val_loss: 0.2054 - val_TPos: 40.0000 - val_FNeg: 440.0000 - val_TNeg: 166.0000 - val_FPos: 314.0000 - 211s/epoch - 218ms/step
Epoch 21/30

Epoch 21: saving model to Models/resnet50_ED-CL/epoch_21.h5
968/968 - 212s - loss: 0.1413 - TPos: 484.0000 - FNeg: 7260.0000 - TNeg: 253.0000 - FPos: 7491.0000 - val_loss: 0.2076 - val_TPos: 8.0000 - val_FNeg: 472.0000 - val_TNeg: 212.0000 - val_FPos: 268.0000 - 212s/epoch - 219ms/step
Epoch 22/30

Epoch 22: saving model to Models/resnet50_ED-CL/epoch_22.h5
968/968 - 212s - loss: 0.1287 - TPos: 391.0000 - FNeg: 7353.0000 - TNeg: 198.0000 - FPos: 7546.0000 - val_loss: 0.1851 - val_TPos: 22.0000 - val_FNeg: 458.0000 - val_TNeg: 155.0000 - val_FPos: 325.0000 - 212s/epoch - 219ms/step
Epoch 23/30

Epoch 23: saving model to Models/resnet50_ED-CL/epoch_23.h5
968/968 - 212s - loss: 0.1168 - TPos: 315.0000 - FNeg: 7429.0000 - TNeg: 167.0000 - FPos: 7577.0000 - val_loss: 0.1812 - val_TPos: 46.0000 - val_FNeg: 434.0000 - val_TNeg: 145.0000 - val_FPos: 335.0000 - 212s/epoch - 219ms/step
Epoch 24/30

Epoch 24: saving model to Models/resnet50_ED-CL/epoch_24.h5
968/968 - 212s - loss: 0.1145 - TPos: 257.0000 - FNeg: 7487.0000 - TNeg: 144.0000 - FPos: 7600.0000 - val_loss: 0.1642 - val_TPos: 86.0000 - val_FNeg: 394.0000 - val_TNeg: 69.0000 - val_FPos: 411.0000 - 212s/epoch - 219ms/step
Epoch 25/30

Epoch 25: saving model to Models/resnet50_ED-CL/epoch_25.h5
968/968 - 212s - loss: 0.1118 - TPos: 217.0000 - FNeg: 7527.0000 - TNeg: 126.0000 - FPos: 7618.0000 - val_loss: 0.1881 - val_TPos: 34.0000 - val_FNeg: 446.0000 - val_TNeg: 106.0000 - val_FPos: 374.0000 - 212s/epoch - 219ms/step
Epoch 26/30

Epoch 26: saving model to Models/resnet50_ED-CL/epoch_26.h5
968/968 - 212s - loss: 0.1010 - TPos: 156.0000 - FNeg: 7588.0000 - TNeg: 81.0000 - FPos: 7663.0000 - val_loss: 0.1703 - val_TPos: 80.0000 - val_FNeg: 400.0000 - val_TNeg: 93.0000 - val_FPos: 387.0000 - 212s/epoch - 219ms/step
Epoch 27/30

Epoch 27: saving model to Models/resnet50_ED-CL/epoch_27.h5
968/968 - 212s - loss: 0.0904 - TPos: 115.0000 - FNeg: 7629.0000 - TNeg: 92.0000 - FPos: 7652.0000 - val_loss: 0.3240 - val_TPos: 0.0000e+00 - val_FNeg: 480.0000 - val_TNeg: 467.0000 - val_FPos: 13.0000 - 212s/epoch - 219ms/step
Epoch 28/30

Epoch 28: saving model to Models/resnet50_ED-CL/epoch_28.h5
968/968 - 211s - loss: 0.0867 - TPos: 102.0000 - FNeg: 7642.0000 - TNeg: 66.0000 - FPos: 7678.0000 - val_loss: 0.1672 - val_TPos: 134.0000 - val_FNeg: 346.0000 - val_TNeg: 38.0000 - val_FPos: 442.0000 - 211s/epoch - 218ms/step
Epoch 29/30

Epoch 29: saving model to Models/resnet50_ED-CL/epoch_29.h5
968/968 - 213s - loss: 0.0940 - TPos: 125.0000 - FNeg: 7619.0000 - TNeg: 89.0000 - FPos: 7655.0000 - val_loss: 0.3135 - val_TPos: 2.0000 - val_FNeg: 478.0000 - val_TNeg: 436.0000 - val_FPos: 44.0000 - 213s/epoch - 220ms/step
Epoch 30/30

Epoch 30: saving model to Models/resnet50_ED-CL/epoch_30.h5
968/968 - 213s - loss: 0.0830 - TPos: 79.0000 - FNeg: 7665.0000 - TNeg: 48.0000 - FPos: 7696.0000 - val_loss: 0.3210 - val_TPos: 0.0000e+00 - val_FNeg: 480.0000 - val_TNeg: 456.0000 - val_FPos: 24.0000 - 213s/epoch - 220ms/step

Done resnet50_ED-CL
