Processing resnet18_FC-CL-1250

2023-03-29 08:11:02.110696: I tensorflow/core/platform/cpu_feature_guard.cc:193] This TensorFlow binary is optimized with oneAPI Deep Neural Network Library (oneDNN) to use the following CPU instructions in performance-critical operations:  AVX2 FMA
To enable them in other operations, rebuild TensorFlow with the appropriate compiler flags.
2023-03-29 08:11:02.287603: E tensorflow/stream_executor/cuda/cuda_blas.cc:2981] Unable to register cuBLAS factory: Attempting to register factory for plugin cuBLAS when one has already been registered
2023-03-29 08:11:02.930915: W tensorflow/stream_executor/platform/default/dso_loader.cc:64] Could not load dynamic library 'libnvinfer_plugin.so.7'; dlerror: libnvinfer_plugin.so.7: cannot open shared object file: No such file or directory
2023-03-29 08:11:02.930953: W tensorflow/compiler/tf2tensorrt/utils/py_utils.cc:38] TF-TRT Warning: Cannot dlopen some TensorRT libraries. If you would like to use Nvidia GPU with TensorRT, please make sure the missing libraries mentioned above are installed properly.
2023-03-29 08:11:03.623980: I tensorflow/core/platform/cpu_feature_guard.cc:193] This TensorFlow binary is optimized with oneAPI Deep Neural Network Library (oneDNN) to use the following CPU instructions in performance-critical operations:  AVX2 FMA
To enable them in other operations, rebuild TensorFlow with the appropriate compiler flags.
2023-03-29 08:11:04.228898: I tensorflow/core/common_runtime/gpu/gpu_device.cc:1616] Created device /job:localhost/replica:0/task:0/device:GPU:0 with 30970 MB memory:  -> device: 1, name: Tesla V100S-PCIE-32GB, pci bus id: 0000:81:00.0, compute capability: 7.0
Loaded resnet18_FC-CL-1250 model.
Epoch 1/30
2023-03-29 08:11:09.350905: I tensorflow/stream_executor/cuda/cuda_dnn.cc:384] Loaded cuDNN version 8101
2023-03-29 08:11:09.686883: I tensorflow/core/platform/default/subprocess.cc:304] Start cannot spawn child process: No such file or directory

Epoch 1: saving model to Models/resnet18_FC-CL-1250/epoch_01.h5
968/968 - 152s - loss: 2.3292 - TPos: 3471.0000 - FNeg: 4273.0000 - TNeg: 3617.0000 - FPos: 4127.0000 - val_loss: 2.2787 - val_TPos: 118.0000 - val_FNeg: 362.0000 - val_TNeg: 146.0000 - val_FPos: 334.0000 - 152s/epoch - 157ms/step
Epoch 2/30

Epoch 2: saving model to Models/resnet18_FC-CL-1250/epoch_02.h5
968/968 - 144s - loss: 2.2930 - TPos: 1896.0000 - FNeg: 5848.0000 - TNeg: 3354.0000 - FPos: 4390.0000 - val_loss: 2.2375 - val_TPos: 39.0000 - val_FNeg: 441.0000 - val_TNeg: 151.0000 - val_FPos: 329.0000 - 144s/epoch - 149ms/step
Epoch 3/30

Epoch 3: saving model to Models/resnet18_FC-CL-1250/epoch_03.h5
968/968 - 147s - loss: 2.2633 - TPos: 1287.0000 - FNeg: 6457.0000 - TNeg: 3021.0000 - FPos: 4723.0000 - val_loss: 2.2170 - val_TPos: 28.0000 - val_FNeg: 452.0000 - val_TNeg: 147.0000 - val_FPos: 333.0000 - 147s/epoch - 151ms/step
Epoch 4/30

Epoch 4: saving model to Models/resnet18_FC-CL-1250/epoch_04.h5
968/968 - 144s - loss: 2.2374 - TPos: 1058.0000 - FNeg: 6686.0000 - TNeg: 2626.0000 - FPos: 5118.0000 - val_loss: 2.2059 - val_TPos: 25.0000 - val_FNeg: 455.0000 - val_TNeg: 143.0000 - val_FPos: 337.0000 - 144s/epoch - 148ms/step
Epoch 5/30

Epoch 5: saving model to Models/resnet18_FC-CL-1250/epoch_05.h5
968/968 - 143s - loss: 2.2122 - TPos: 850.0000 - FNeg: 6894.0000 - TNeg: 2209.0000 - FPos: 5535.0000 - val_loss: 2.2065 - val_TPos: 25.0000 - val_FNeg: 455.0000 - val_TNeg: 153.0000 - val_FPos: 327.0000 - 143s/epoch - 148ms/step
Epoch 6/30

Epoch 6: saving model to Models/resnet18_FC-CL-1250/epoch_06.h5
968/968 - 143s - loss: 2.1859 - TPos: 728.0000 - FNeg: 7016.0000 - TNeg: 1737.0000 - FPos: 6007.0000 - val_loss: 2.2050 - val_TPos: 17.0000 - val_FNeg: 463.0000 - val_TNeg: 166.0000 - val_FPos: 314.0000 - 143s/epoch - 148ms/step
Epoch 7/30

Epoch 7: saving model to Models/resnet18_FC-CL-1250/epoch_07.h5
968/968 - 139s - loss: 2.1603 - TPos: 545.0000 - FNeg: 7199.0000 - TNeg: 1362.0000 - FPos: 6382.0000 - val_loss: 2.1913 - val_TPos: 38.0000 - val_FNeg: 442.0000 - val_TNeg: 140.0000 - val_FPos: 340.0000 - 139s/epoch - 143ms/step
Epoch 8/30

Epoch 8: saving model to Models/resnet18_FC-CL-1250/epoch_08.h5
968/968 - 141s - loss: 2.1378 - TPos: 438.0000 - FNeg: 7306.0000 - TNeg: 1024.0000 - FPos: 6720.0000 - val_loss: 2.1871 - val_TPos: 55.0000 - val_FNeg: 425.0000 - val_TNeg: 125.0000 - val_FPos: 355.0000 - 141s/epoch - 146ms/step
Epoch 9/30

Epoch 9: saving model to Models/resnet18_FC-CL-1250/epoch_09.h5
968/968 - 142s - loss: 2.1169 - TPos: 330.0000 - FNeg: 7414.0000 - TNeg: 745.0000 - FPos: 6999.0000 - val_loss: 2.1813 - val_TPos: 51.0000 - val_FNeg: 429.0000 - val_TNeg: 122.0000 - val_FPos: 358.0000 - 142s/epoch - 147ms/step
Epoch 10/30

Epoch 10: saving model to Models/resnet18_FC-CL-1250/epoch_10.h5
968/968 - 147s - loss: 2.0998 - TPos: 249.0000 - FNeg: 7495.0000 - TNeg: 539.0000 - FPos: 7205.0000 - val_loss: 2.1812 - val_TPos: 39.0000 - val_FNeg: 441.0000 - val_TNeg: 134.0000 - val_FPos: 346.0000 - 147s/epoch - 152ms/step
Epoch 11/30

Epoch 11: saving model to Models/resnet18_FC-CL-1250/epoch_11.h5
968/968 - 145s - loss: 2.0837 - TPos: 172.0000 - FNeg: 7572.0000 - TNeg: 321.0000 - FPos: 7423.0000 - val_loss: 2.1764 - val_TPos: 42.0000 - val_FNeg: 438.0000 - val_TNeg: 129.0000 - val_FPos: 351.0000 - 145s/epoch - 150ms/step
Epoch 12/30

Epoch 12: saving model to Models/resnet18_FC-CL-1250/epoch_12.h5
968/968 - 143s - loss: 2.0717 - TPos: 151.0000 - FNeg: 7593.0000 - TNeg: 240.0000 - FPos: 7504.0000 - val_loss: 2.1695 - val_TPos: 29.0000 - val_FNeg: 451.0000 - val_TNeg: 128.0000 - val_FPos: 352.0000 - 143s/epoch - 148ms/step
Epoch 13/30

Epoch 13: saving model to Models/resnet18_FC-CL-1250/epoch_13.h5
968/968 - 143s - loss: 2.0611 - TPos: 100.0000 - FNeg: 7644.0000 - TNeg: 149.0000 - FPos: 7595.0000 - val_loss: 2.1694 - val_TPos: 46.0000 - val_FNeg: 434.0000 - val_TNeg: 125.0000 - val_FPos: 355.0000 - 143s/epoch - 148ms/step
Epoch 14/30

Epoch 14: saving model to Models/resnet18_FC-CL-1250/epoch_14.h5
968/968 - 142s - loss: 2.0515 - TPos: 79.0000 - FNeg: 7665.0000 - TNeg: 99.0000 - FPos: 7645.0000 - val_loss: 2.1752 - val_TPos: 32.0000 - val_FNeg: 448.0000 - val_TNeg: 145.0000 - val_FPos: 335.0000 - 142s/epoch - 146ms/step
Epoch 15/30

Epoch 15: saving model to Models/resnet18_FC-CL-1250/epoch_15.h5
968/968 - 144s - loss: 2.0443 - TPos: 65.0000 - FNeg: 7679.0000 - TNeg: 68.0000 - FPos: 7676.0000 - val_loss: 2.1643 - val_TPos: 31.0000 - val_FNeg: 449.0000 - val_TNeg: 133.0000 - val_FPos: 347.0000 - 144s/epoch - 148ms/step
Epoch 16/30

Epoch 16: saving model to Models/resnet18_FC-CL-1250/epoch_16.h5
968/968 - 144s - loss: 2.0373 - TPos: 49.0000 - FNeg: 7695.0000 - TNeg: 52.0000 - FPos: 7692.0000 - val_loss: 2.1621 - val_TPos: 34.0000 - val_FNeg: 446.0000 - val_TNeg: 131.0000 - val_FPos: 349.0000 - 144s/epoch - 149ms/step
Epoch 17/30

Epoch 17: saving model to Models/resnet18_FC-CL-1250/epoch_17.h5
968/968 - 145s - loss: 2.0310 - TPos: 39.0000 - FNeg: 7705.0000 - TNeg: 36.0000 - FPos: 7708.0000 - val_loss: 2.1638 - val_TPos: 28.0000 - val_FNeg: 452.0000 - val_TNeg: 141.0000 - val_FPos: 339.0000 - 145s/epoch - 149ms/step
Epoch 18/30

Epoch 18: saving model to Models/resnet18_FC-CL-1250/epoch_18.h5
968/968 - 142s - loss: 2.0255 - TPos: 36.0000 - FNeg: 7708.0000 - TNeg: 29.0000 - FPos: 7715.0000 - val_loss: 2.1522 - val_TPos: 36.0000 - val_FNeg: 444.0000 - val_TNeg: 126.0000 - val_FPos: 354.0000 - 142s/epoch - 147ms/step
Epoch 19/30

Epoch 19: saving model to Models/resnet18_FC-CL-1250/epoch_19.h5
968/968 - 143s - loss: 2.0203 - TPos: 28.0000 - FNeg: 7716.0000 - TNeg: 22.0000 - FPos: 7722.0000 - val_loss: 2.1577 - val_TPos: 27.0000 - val_FNeg: 453.0000 - val_TNeg: 139.0000 - val_FPos: 341.0000 - 143s/epoch - 148ms/step
Epoch 20/30

Epoch 20: saving model to Models/resnet18_FC-CL-1250/epoch_20.h5
968/968 - 145s - loss: 2.0156 - TPos: 30.0000 - FNeg: 7714.0000 - TNeg: 17.0000 - FPos: 7727.0000 - val_loss: 2.1501 - val_TPos: 30.0000 - val_FNeg: 450.0000 - val_TNeg: 136.0000 - val_FPos: 344.0000 - 145s/epoch - 150ms/step
Epoch 21/30

Epoch 21: saving model to Models/resnet18_FC-CL-1250/epoch_21.h5
968/968 - 140s - loss: 2.0108 - TPos: 25.0000 - FNeg: 7719.0000 - TNeg: 11.0000 - FPos: 7733.0000 - val_loss: 2.1450 - val_TPos: 32.0000 - val_FNeg: 448.0000 - val_TNeg: 134.0000 - val_FPos: 346.0000 - 140s/epoch - 145ms/step
Epoch 22/30

Epoch 22: saving model to Models/resnet18_FC-CL-1250/epoch_22.h5
968/968 - 144s - loss: 2.0063 - TPos: 25.0000 - FNeg: 7719.0000 - TNeg: 9.0000 - FPos: 7735.0000 - val_loss: 2.1434 - val_TPos: 31.0000 - val_FNeg: 449.0000 - val_TNeg: 137.0000 - val_FPos: 343.0000 - 144s/epoch - 149ms/step
Epoch 23/30

Epoch 23: saving model to Models/resnet18_FC-CL-1250/epoch_23.h5
968/968 - 146s - loss: 2.0019 - TPos: 23.0000 - FNeg: 7721.0000 - TNeg: 6.0000 - FPos: 7738.0000 - val_loss: 2.1368 - val_TPos: 33.0000 - val_FNeg: 447.0000 - val_TNeg: 133.0000 - val_FPos: 347.0000 - 146s/epoch - 151ms/step
Epoch 24/30

Epoch 24: saving model to Models/resnet18_FC-CL-1250/epoch_24.h5
968/968 - 141s - loss: 1.9978 - TPos: 23.0000 - FNeg: 7721.0000 - TNeg: 7.0000 - FPos: 7737.0000 - val_loss: 2.1365 - val_TPos: 32.0000 - val_FNeg: 448.0000 - val_TNeg: 138.0000 - val_FPos: 342.0000 - 141s/epoch - 146ms/step
Epoch 25/30

Epoch 25: saving model to Models/resnet18_FC-CL-1250/epoch_25.h5
968/968 - 144s - loss: 1.9936 - TPos: 23.0000 - FNeg: 7721.0000 - TNeg: 3.0000 - FPos: 7741.0000 - val_loss: 2.1318 - val_TPos: 32.0000 - val_FNeg: 448.0000 - val_TNeg: 136.0000 - val_FPos: 344.0000 - 144s/epoch - 149ms/step
Epoch 26/30

Epoch 26: saving model to Models/resnet18_FC-CL-1250/epoch_26.h5
968/968 - 143s - loss: 1.9896 - TPos: 22.0000 - FNeg: 7722.0000 - TNeg: 3.0000 - FPos: 7741.0000 - val_loss: 2.1289 - val_TPos: 28.0000 - val_FNeg: 452.0000 - val_TNeg: 137.0000 - val_FPos: 343.0000 - 143s/epoch - 148ms/step
Epoch 27/30

Epoch 27: saving model to Models/resnet18_FC-CL-1250/epoch_27.h5
968/968 - 146s - loss: 1.9856 - TPos: 22.0000 - FNeg: 7722.0000 - TNeg: 3.0000 - FPos: 7741.0000 - val_loss: 2.1248 - val_TPos: 31.0000 - val_FNeg: 449.0000 - val_TNeg: 137.0000 - val_FPos: 343.0000 - 146s/epoch - 150ms/step
Epoch 28/30

Epoch 28: saving model to Models/resnet18_FC-CL-1250/epoch_28.h5
968/968 - 142s - loss: 1.9815 - TPos: 22.0000 - FNeg: 7722.0000 - TNeg: 2.0000 - FPos: 7742.0000 - val_loss: 2.1184 - val_TPos: 32.0000 - val_FNeg: 448.0000 - val_TNeg: 136.0000 - val_FPos: 344.0000 - 142s/epoch - 147ms/step
Epoch 29/30

Epoch 29: saving model to Models/resnet18_FC-CL-1250/epoch_29.h5
968/968 - 144s - loss: 1.9775 - TPos: 21.0000 - FNeg: 7723.0000 - TNeg: 1.0000 - FPos: 7743.0000 - val_loss: 2.1159 - val_TPos: 32.0000 - val_FNeg: 448.0000 - val_TNeg: 136.0000 - val_FPos: 344.0000 - 144s/epoch - 149ms/step
Epoch 30/30

Epoch 30: saving model to Models/resnet18_FC-CL-1250/epoch_30.h5
968/968 - 140s - loss: 1.9736 - TPos: 21.0000 - FNeg: 7723.0000 - TNeg: 0.0000e+00 - FPos: 7744.0000 - val_loss: 2.1122 - val_TPos: 31.0000 - val_FNeg: 449.0000 - val_TNeg: 136.0000 - val_FPos: 344.0000 - 140s/epoch - 144ms/step

Done resnet18_FC-CL-1250
